{"E:\\proyectos\\DEV015-dataverse\\src\\utils\\DataFunctions.js": {"path":"E:\\proyectos\\DEV015-dataverse\\src\\utils\\DataFunctions.js","statementMap":{"0":{"start":{"line":1,"column":29},"end":{"line":2,"column":78}},"1":{"start":{"line":2,"column":2},"end":{"line":2,"column":78}},"2":{"start":{"line":2,"column":21},"end":{"line":2,"column":77}},"3":{"start":{"line":4,"column":34},"end":{"line":5,"column":57}},"4":{"start":{"line":5,"column":2},"end":{"line":5,"column":57}},"5":{"start":{"line":5,"column":21},"end":{"line":5,"column":56}},"6":{"start":{"line":7,"column":28},"end":{"line":8,"column":72}},"7":{"start":{"line":8,"column":2},"end":{"line":8,"column":72}},"8":{"start":{"line":8,"column":21},"end":{"line":8,"column":71}},"9":{"start":{"line":10,"column":32},"end":{"line":11,"column":62}},"10":{"start":{"line":11,"column":2},"end":{"line":11,"column":62}},"11":{"start":{"line":11,"column":30},"end":{"line":11,"column":43}},"12":{"start":{"line":13,"column":30},"end":{"line":14,"column":62}},"13":{"start":{"line":14,"column":2},"end":{"line":14,"column":62}},"14":{"start":{"line":14,"column":34},"end":{"line":14,"column":59}},"15":{"start":{"line":16,"column":26},"end":{"line":19,"column":3}},"16":{"start":{"line":17,"column":2},"end":{"line":19,"column":3}},"17":{"start":{"line":18,"column":4},"end":{"line":18,"column":69}},"18":{"start":{"line":21,"column":27},"end":{"line":26,"column":4}},"19":{"start":{"line":22,"column":2},"end":{"line":26,"column":4}},"20":{"start":{"line":23,"column":19},"end":{"line":23,"column":38}},"21":{"start":{"line":24,"column":19},"end":{"line":24,"column":38}},"22":{"start":{"line":25,"column":4},"end":{"line":25,"column":51}}},"fnMap":{"0":{"name":"(anonymous_0)","decl":{"start":{"line":1,"column":29},"end":{"line":1,"column":30}},"loc":{"start":{"line":2,"column":2},"end":{"line":2,"column":78}},"line":2},"1":{"name":"(anonymous_1)","decl":{"start":{"line":2,"column":14},"end":{"line":2,"column":15}},"loc":{"start":{"line":2,"column":21},"end":{"line":2,"column":77}},"line":2},"2":{"name":"(anonymous_2)","decl":{"start":{"line":4,"column":34},"end":{"line":4,"column":35}},"loc":{"start":{"line":5,"column":2},"end":{"line":5,"column":57}},"line":5},"3":{"name":"(anonymous_3)","decl":{"start":{"line":5,"column":14},"end":{"line":5,"column":15}},"loc":{"start":{"line":5,"column":21},"end":{"line":5,"column":56}},"line":5},"4":{"name":"(anonymous_4)","decl":{"start":{"line":7,"column":28},"end":{"line":7,"column":29}},"loc":{"start":{"line":8,"column":2},"end":{"line":8,"column":72}},"line":8},"5":{"name":"(anonymous_5)","decl":{"start":{"line":8,"column":14},"end":{"line":8,"column":15}},"loc":{"start":{"line":8,"column":21},"end":{"line":8,"column":71}},"line":8},"6":{"name":"(anonymous_6)","decl":{"start":{"line":10,"column":32},"end":{"line":10,"column":33}},"loc":{"start":{"line":11,"column":2},"end":{"line":11,"column":62}},"line":11},"7":{"name":"(anonymous_7)","decl":{"start":{"line":11,"column":23},"end":{"line":11,"column":24}},"loc":{"start":{"line":11,"column":30},"end":{"line":11,"column":43}},"line":11},"8":{"name":"(anonymous_8)","decl":{"start":{"line":13,"column":30},"end":{"line":13,"column":31}},"loc":{"start":{"line":14,"column":2},"end":{"line":14,"column":62}},"line":14},"9":{"name":"(anonymous_9)","decl":{"start":{"line":14,"column":27},"end":{"line":14,"column":28}},"loc":{"start":{"line":14,"column":34},"end":{"line":14,"column":59}},"line":14},"10":{"name":"(anonymous_10)","decl":{"start":{"line":16,"column":26},"end":{"line":16,"column":27}},"loc":{"start":{"line":17,"column":2},"end":{"line":19,"column":3}},"line":17},"11":{"name":"(anonymous_11)","decl":{"start":{"line":17,"column":17},"end":{"line":17,"column":18}},"loc":{"start":{"line":18,"column":4},"end":{"line":18,"column":69}},"line":18},"12":{"name":"(anonymous_12)","decl":{"start":{"line":21,"column":27},"end":{"line":21,"column":28}},"loc":{"start":{"line":22,"column":2},"end":{"line":26,"column":4}},"line":22},"13":{"name":"(anonymous_13)","decl":{"start":{"line":22,"column":17},"end":{"line":22,"column":18}},"loc":{"start":{"line":22,"column":27},"end":{"line":26,"column":3}},"line":22}},"branchMap":{"0":{"loc":{"start":{"line":14,"column":34},"end":{"line":14,"column":59}},"type":"binary-expr","locations":[{"start":{"line":14,"column":34},"end":{"line":14,"column":53}},{"start":{"line":14,"column":57},"end":{"line":14,"column":59}}],"line":14},"1":{"loc":{"start":{"line":16,"column":33},"end":{"line":16,"column":43}},"type":"default-arg","locations":[{"start":{"line":16,"column":39},"end":{"line":16,"column":43}}],"line":16},"2":{"loc":{"start":{"line":18,"column":4},"end":{"line":18,"column":69}},"type":"cond-expr","locations":[{"start":{"line":18,"column":10},"end":{"line":18,"column":38}},{"start":{"line":18,"column":41},"end":{"line":18,"column":69}}],"line":18},"3":{"loc":{"start":{"line":21,"column":34},"end":{"line":21,"column":45}},"type":"default-arg","locations":[{"start":{"line":21,"column":40},"end":{"line":21,"column":45}}],"line":21},"4":{"loc":{"start":{"line":23,"column":19},"end":{"line":23,"column":38}},"type":"binary-expr","locations":[{"start":{"line":23,"column":19},"end":{"line":23,"column":33}},{"start":{"line":23,"column":37},"end":{"line":23,"column":38}}],"line":23},"5":{"loc":{"start":{"line":24,"column":19},"end":{"line":24,"column":38}},"type":"binary-expr","locations":[{"start":{"line":24,"column":19},"end":{"line":24,"column":33}},{"start":{"line":24,"column":37},"end":{"line":24,"column":38}}],"line":24},"6":{"loc":{"start":{"line":25,"column":11},"end":{"line":25,"column":50}},"type":"cond-expr","locations":[{"start":{"line":25,"column":17},"end":{"line":25,"column":32}},{"start":{"line":25,"column":35},"end":{"line":25,"column":50}}],"line":25}},"s":{"0":1,"1":6,"2":31,"3":1,"4":4,"5":21,"6":1,"7":6,"8":30,"9":1,"10":4,"11":17,"12":1,"13":4,"14":16,"15":1,"16":6,"17":31,"18":1,"19":9,"20":73,"21":73,"22":73},"f":{"0":6,"1":31,"2":4,"3":21,"4":6,"5":30,"6":4,"7":17,"8":4,"9":16,"10":6,"11":31,"12":9,"13":73},"b":{"0":[16,1],"1":[5],"2":[24,7],"3":[5],"4":[73,0],"5":[73,6],"6":[26,47]},"_coverageSchema":"1a1c01bbd47fc00a2c39e90264f33305004495a9","hash":"95c59992581a8db102685c5ce14bdf4460fb655a"}
}
