TN:
SF:src\utils\DataFunctions.js
FN:1,(anonymous_0)
FN:2,(anonymous_1)
FN:4,(anonymous_2)
FN:5,(anonymous_3)
FN:7,(anonymous_4)
FN:8,(anonymous_5)
FN:10,(anonymous_6)
FN:11,(anonymous_7)
FN:13,(anonymous_8)
FN:14,(anonymous_9)
FN:16,(anonymous_10)
FN:17,(anonymous_11)
FN:21,(anonymous_12)
FN:22,(anonymous_13)
FNF:14
FNH:14
FNDA:6,(anonymous_0)
FNDA:31,(anonymous_1)
FNDA:4,(anonymous_2)
FNDA:21,(anonymous_3)
FNDA:6,(anonymous_4)
FNDA:30,(anonymous_5)
FNDA:4,(anonymous_6)
FNDA:17,(anonymous_7)
FNDA:4,(anonymous_8)
FNDA:16,(anonymous_9)
FNDA:6,(anonymous_10)
FNDA:31,(anonymous_11)
FNDA:9,(anonymous_12)
FNDA:73,(anonymous_13)
DA:1,1
DA:2,31
DA:4,1
DA:5,21
DA:7,1
DA:8,30
DA:10,1
DA:11,17
DA:13,1
DA:14,16
DA:16,1
DA:17,6
DA:18,31
DA:21,1
DA:22,9
DA:23,73
DA:24,73
DA:25,73
LF:18
LH:18
BRDA:14,0,0,16
BRDA:14,0,1,1
BRDA:16,1,0,5
BRDA:18,2,0,24
BRDA:18,2,1,7
BRDA:21,3,0,5
BRDA:23,4,0,73
BRDA:23,4,1,0
BRDA:24,5,0,73
BRDA:24,5,1,6
BRDA:25,6,0,26
BRDA:25,6,1,47
BRF:12
BRH:11
end_of_record
